<?xml version="1.0" encoding="UTF-8"?>
<testng-results skipped="0" failed="0" total="1" passed="1">
  <reporter-output>
  </reporter-output>
  <suite name="Default suite" duration-ms="14641" started-at="2016-07-15T11:16:00Z" finished-at="2016-07-15T11:16:14Z">
    <groups>
    </groups>
    <test name="Default test" duration-ms="14641" started-at="2016-07-15T11:16:00Z" finished-at="2016-07-15T11:16:14Z">
      <class name="com.stockaccounting.tests.SAexe">
        <test-method status="PASS" signature="loginexe()[pri:0, instance:com.stockaccounting.tests.SAexe@56811df]" name="loginexe" duration-ms="14609" started-at="2016-07-15T16:46:00Z" finished-at="2016-07-15T16:46:14Z">
          <reporter-output>
          </reporter-output>
        </test-method> <!-- loginexe -->
      </class> <!-- com.stockaccounting.tests.SAexe -->
    </test> <!-- Default test -->
  </suite> <!-- Default suite -->
</testng-results>
